# JRE version: Java(TM) SE Runtime Environment (15.0+36) (build 15+36-1562)
# Java VM: Java HotSpot(TM) 64-Bit Server VM (15+36-1562, mixed mode, sharing, tiered, compressed oops, g1 gc, windows-amd64)
GC Precious Log:
 CPUs: 16 total, 16 available
 Memory: 16332M
 Large Page Support: Disabled
 NUMA Support: Disabled
 Compressed Oops: Enabled (Zero based)
 Heap Region Size: 2M
 Heap Min Capacity: 8M
 Heap Initial Capacity: 256M
 Heap Max Capacity: 4084M
 Pre-touch: Disabled
 Parallel Workers: 13
 Concurrent Workers: 3
 Concurrent Refinement Workers: 13
 Periodic GC: Disabled
Heap:
 garbage-first heap   total 172032K, used 83442K [0x0000000700c00000, 0x0000000800000000)
  region size 2048K, 22 young (45056K), 3 survivors (6144K)
 Metaspace       used 22774K, capacity 23269K, committed 23424K, reserved 1069056K
  class space    used 2739K, capacity 2903K, committed 2944K, reserved 1048576K
GC Heap History (20 events):
Event: 0.345 GC heap before
{Heap before GC invocations=0 (full 0):
 garbage-first heap   total 262144K, used 22528K [0x0000000700c00000, 0x0000000800000000)
  region size 2048K, 11 young (22528K), 0 survivors (0K)
 Metaspace       used 5842K, capacity 7669K, committed 7808K, reserved 1056768K
  class space    used 660K, capacity 826K, committed 896K, reserved 1048576K
}
Event: 0.348 GC heap after
{Heap after GC invocations=1 (full 0):
 garbage-first heap   total 262144K, used 3259K [0x0000000700c00000, 0x0000000800000000)
  region size 2048K, 2 young (4096K), 2 survivors (4096K)
 Metaspace       used 5842K, capacity 7669K, committed 7808K, reserved 1056768K
  class space    used 660K, capacity 826K, committed 896K, reserved 1048576K
}
Event: 0.827 GC heap before
{Heap before GC invocations=1 (full 0):
 garbage-first heap   total 262144K, used 38075K [0x0000000700c00000, 0x0000000800000000)
  region size 2048K, 19 young (38912K), 2 survivors (4096K)
 Metaspace       used 14726K, capacity 14928K, committed 14976K, reserved 1062912K
  class space    used 2053K, capacity 2135K, committed 2176K, reserved 1048576K
}
Event: 0.832 GC heap after
{Heap after GC invocations=2 (full 0):
 garbage-first heap   total 262144K, used 8630K [0x0000000700c00000, 0x0000000800000000)
  region size 2048K, 3 young (6144K), 3 survivors (6144K)
 Metaspace       used 14726K, capacity 14928K, committed 14976K, reserved 1062912K
  class space    used 2053K, capacity 2135K, committed 2176K, reserved 1048576K
}
Event: 394.040 GC heap before
{Heap before GC invocations=2 (full 0):
 garbage-first heap   total 262144K, used 166326K [0x0000000700c00000, 0x0000000800000000)
  region size 2048K, 56 young (114688K), 3 survivors (6144K)
 Metaspace       used 20772K, capacity 21213K, committed 21504K, reserved 1069056K
  class space    used 2580K, capacity 2724K, committed 2816K, reserved 1048576K
}
Event: 394.045 GC heap after
{Heap after GC invocations=3 (full 0):
 garbage-first heap   total 262144K, used 44309K [0x0000000700c00000, 0x0000000800000000)
  region size 2048K, 7 young (14336K), 7 survivors (14336K)
 Metaspace       used 20772K, capacity 21213K, committed 21504K, reserved 1069056K
  class space    used 2580K, capacity 2724K, committed 2816K, reserved 1048576K
}
Event: 660.782 GC heap before
{Heap before GC invocations=4 (full 0):
 garbage-first heap   total 172032K, used 132373K [0x0000000700c00000, 0x0000000800000000)
  region size 2048K, 50 young (102400K), 7 survivors (14336K)
 Metaspace       used 21405K, capacity 21888K, committed 22016K, reserved 1069056K
  class space    used 2584K, capacity 2727K, committed 2816K, reserved 1048576K
}
Event: 660.787 GC heap after
{Heap after GC invocations=5 (full 0):
 garbage-first heap   total 172032K, used 47166K [0x0000000700c00000, 0x0000000800000000)
  region size 2048K, 5 young (10240K), 5 survivors (10240K)
 Metaspace       used 21405K, capacity 21888K, committed 22016K, reserved 1069056K
  class space    used 2584K, capacity 2727K, committed 2816K, reserved 1048576K
}
Event: 1159.590 GC heap before
{Heap before GC invocations=5 (full 0):
 garbage-first heap   total 172032K, used 127038K [0x0000000700c00000, 0x0000000800000000)
  region size 2048K, 45 young (92160K), 5 survivors (10240K)
 Metaspace       used 21676K, capacity 22202K, committed 22272K, reserved 1069056K
  class space    used 2601K, capacity 2766K, committed 2816K, reserved 1048576K
}
Event: 1159.593 GC heap after
{Heap after GC invocations=6 (full 0):
 garbage-first heap   total 172032K, used 47807K [0x0000000700c00000, 0x0000000800000000)
  region size 2048K, 2 young (4096K), 2 survivors (4096K)
 Metaspace       used 21676K, capacity 22202K, committed 22272K, reserved 1069056K
  class space    used 2601K, capacity 2766K, committed 2816K, reserved 1048576K
}
Event: 1160.932 GC heap before
{Heap before GC invocations=6 (full 0):
 garbage-first heap   total 172032K, used 129727K [0x0000000700c00000, 0x0000000800000000)
  region size 2048K, 43 young (88064K), 2 survivors (4096K)
 Metaspace       used 21722K, capacity 22202K, committed 22272K, reserved 1069056K
  class space    used 2601K, capacity 2766K, committed 2816K, reserved 1048576K
}
Event: 1160.933 GC heap after
{Heap after GC invocations=7 (full 0):
 garbage-first heap   total 172032K, used 47524K [0x0000000700c00000, 0x0000000800000000)
  region size 2048K, 2 young (4096K), 2 survivors (4096K)
 Metaspace       used 21722K, capacity 22202K, committed 22272K, reserved 1069056K
  class space    used 2601K, capacity 2766K, committed 2816K, reserved 1048576K
}
Event: 1188.284 GC heap before
{Heap before GC invocations=7 (full 0):
 garbage-first heap   total 172032K, used 133540K [0x0000000700c00000, 0x0000000800000000)
  region size 2048K, 45 young (92160K), 2 survivors (4096K)
 Metaspace       used 22635K, capacity 23135K, committed 23424K, reserved 1069056K
  class space    used 2738K, capacity 2903K, committed 2944K, reserved 1048576K
}
Event: 1188.285 GC heap after
{Heap after GC invocations=8 (full 0):
 garbage-first heap   total 172032K, used 48356K [0x0000000700c00000, 0x0000000800000000)
  region size 2048K, 2 young (4096K), 2 survivors (4096K)
 Metaspace       used 22635K, capacity 23135K, committed 23424K, reserved 1069056K
  class space    used 2738K, capacity 2903K, committed 2944K, reserved 1048576K
}
Event: 1189.732 GC heap before
{Heap before GC invocations=8 (full 0):
 garbage-first heap   total 172032K, used 136420K [0x0000000700c00000, 0x0000000800000000)
  region size 2048K, 46 young (94208K), 2 survivors (4096K)
 Metaspace       used 22724K, capacity 23205K, committed 23424K, reserved 1069056K
  class space    used 2738K, capacity 2903K, committed 2944K, reserved 1048576K
}
Event: 1189.733 GC heap after
{Heap after GC invocations=9 (full 0):
 garbage-first heap   total 172032K, used 47959K [0x0000000700c00000, 0x0000000800000000)
  region size 2048K, 2 young (4096K), 2 survivors (4096K)
 Metaspace       used 22724K, capacity 23205K, committed 23424K, reserved 1069056K
  class space    used 2738K, capacity 2903K, committed 2944K, reserved 1048576K
}
Event: 1190.326 GC heap before
{Heap before GC invocations=9 (full 0):
 garbage-first heap   total 172032K, used 138071K [0x0000000700c00000, 0x0000000800000000)
  region size 2048K, 47 young (96256K), 2 survivors (4096K)
 Metaspace       used 22758K, capacity 23269K, committed 23424K, reserved 1069056K
  class space    used 2738K, capacity 2903K, committed 2944K, reserved 1048576K
}
Event: 1190.327 GC heap after
{Heap after GC invocations=10 (full 0):
 garbage-first heap   total 172032K, used 47854K [0x0000000700c00000, 0x0000000800000000)
  region size 2048K, 2 young (4096K), 2 survivors (4096K)
 Metaspace       used 22758K, capacity 23269K, committed 23424K, reserved 1069056K
  class space    used 2738K, capacity 2903K, committed 2944K, reserved 1048576K
}
Event: 1190.468 GC heap before
{Heap before GC invocations=10 (full 0):
 garbage-first heap   total 172032K, used 140014K [0x0000000700c00000, 0x0000000800000000)
  region size 2048K, 48 young (98304K), 2 survivors (4096K)
 Metaspace       used 22760K, capacity 23269K, committed 23424K, reserved 1069056K
  class space    used 2738K, capacity 2903K, committed 2944K, reserved 1048576K
}
Event: 1190.469 GC heap after
{Heap after GC invocations=11 (full 0):
 garbage-first heap   total 172032K, used 48626K [0x0000000700c00000, 0x0000000800000000)
  region size 2048K, 3 young (6144K), 3 survivors (6144K)
 Metaspace       used 22760K, capacity 23269K, committed 23424K, reserved 1069056K
  class space    used 2738K, capacity 2903K, committed 2944K, reserved 1048576K
}

